TN:
SF:src\config\database.ts
FN:7,createPool
FN:32,getPool
FN:45,query
FN:54,closePool
FN:62,ping
FNF:5
FNH:0
FNDA:0,createPool
FNDA:0,getPool
FNDA:0,query
FNDA:0,closePool
FNDA:0,ping
DA:2,1
DA:3,1
DA:8,0
DA:28,0
DA:32,1
DA:33,0
DA:34,0
DA:36,0
DA:45,1
DA:46,0
DA:47,0
DA:54,1
DA:55,0
DA:56,0
DA:57,0
DA:62,1
DA:63,0
LF:17
LH:6
BRDA:9,0,0,0
BRDA:9,0,1,0
BRDA:10,1,0,0
BRDA:10,1,1,0
BRDA:11,2,0,0
BRDA:11,2,1,0
BRDA:12,3,0,0
BRDA:12,3,1,0
BRDA:13,4,0,0
BRDA:13,4,1,0
BRDA:15,5,0,0
BRDA:15,5,1,0
BRDA:18,6,0,0
BRDA:18,6,1,0
BRDA:33,7,0,0
BRDA:33,7,1,0
BRDA:45,8,0,0
BRDA:55,9,0,0
BRDA:55,9,1,0
BRF:19
BRH:0
end_of_record
TN:
SF:src\controllers\admin\auth.controller.ts
FN:11,showLogin
FN:19,login
FN:54,showRegister
FN:62,register
FN:84,logout
FN:85,(anonymous_6)
FNF:6
FNH:0
FNDA:0,showLogin
FNDA:0,login
FNDA:0,showRegister
FNDA:0,register
FNDA:0,logout
FNDA:0,(anonymous_6)
DA:2,0
DA:3,0
DA:5,0
DA:11,0
DA:12,0
DA:19,0
DA:20,0
DA:22,0
DA:23,0
DA:24,0
DA:25,0
DA:28,0
DA:29,0
DA:30,0
DA:32,0
DA:33,0
DA:34,0
DA:35,0
DA:36,0
DA:40,0
DA:47,0
DA:54,0
DA:55,0
DA:62,0
DA:63,0
DA:65,0
DA:66,0
DA:67,0
DA:68,0
DA:71,0
DA:72,0
DA:74,0
DA:78,0
DA:84,0
DA:85,0
DA:86,0
LF:36
LH:0
BRDA:23,0,0,0
BRDA:23,0,1,0
BRDA:34,1,0,0
BRDA:34,1,1,0
BRDA:66,2,0,0
BRDA:66,2,1,0
BRF:6
BRH:0
end_of_record
TN:
SF:src\controllers\admin\projects.controller.ts
FN:9,(anonymous_9)
FN:24,(anonymous_10)
FN:33,(anonymous_11)
FN:79,(anonymous_12)
FN:103,(anonymous_13)
FN:153,(anonymous_14)
FNF:6
FNH:0
FNDA:0,(anonymous_9)
FNDA:0,(anonymous_10)
FNDA:0,(anonymous_11)
FNDA:0,(anonymous_12)
FNDA:0,(anonymous_13)
FNDA:0,(anonymous_14)
DA:3,0
DA:4,0
DA:5,0
DA:7,0
DA:10,0
DA:11,0
DA:12,0
DA:17,0
DA:18,0
DA:19,0
DA:25,0
DA:26,0
DA:34,0
DA:35,0
DA:36,0
DA:38,0
DA:47,0
DA:49,0
DA:50,0
DA:57,0
DA:58,0
DA:59,0
DA:61,0
DA:62,0
DA:69,0
DA:70,0
DA:72,0
DA:73,0
DA:74,0
DA:80,0
DA:81,0
DA:82,0
DA:84,0
DA:85,0
DA:86,0
DA:89,0
DA:91,0
DA:97,0
DA:98,0
DA:104,0
DA:105,0
DA:106,0
DA:109,0
DA:111,0
DA:112,0
DA:113,0
DA:117,0
DA:121,0
DA:131,0
DA:132,0
DA:133,0
DA:135,0
DA:136,0
DA:143,0
DA:144,0
DA:146,0
DA:147,0
DA:148,0
DA:154,0
DA:155,0
DA:156,0
DA:158,0
DA:159,0
DA:161,0
DA:162,0
DA:163,0
LF:66
LH:0
BRDA:36,0,0,0
BRDA:36,0,1,0
BRDA:49,1,0,0
BRDA:49,1,1,0
BRDA:49,2,0,0
BRDA:49,2,1,0
BRDA:57,3,0,0
BRDA:57,3,1,0
BRDA:57,4,0,0
BRDA:57,4,1,0
BRDA:59,5,0,0
BRDA:59,5,1,0
BRDA:84,6,0,0
BRDA:84,6,1,0
BRDA:111,7,0,0
BRDA:111,7,1,0
BRDA:117,8,0,0
BRDA:117,8,1,0
BRDA:131,9,0,0
BRDA:131,9,1,0
BRDA:131,10,0,0
BRDA:131,10,1,0
BRDA:133,11,0,0
BRDA:133,11,1,0
BRF:24
BRH:0
end_of_record
TN:
SF:src\controllers\portal\portal.controller.ts
FN:4,(anonymous_9)
FN:9,(anonymous_10)
FN:25,(anonymous_11)
FN:41,(anonymous_12)
FN:65,(anonymous_13)
FN:95,(anonymous_14)
FN:107,(anonymous_15)
FN:112,(anonymous_16)
FNF:8
FNH:8
FNDA:10,(anonymous_9)
FNDA:4,(anonymous_10)
FNDA:3,(anonymous_11)
FNDA:7,(anonymous_12)
FNDA:7,(anonymous_13)
FNDA:3,(anonymous_14)
FNDA:1,(anonymous_15)
FNDA:1,(anonymous_16)
DA:2,2
DA:4,2
DA:5,10
DA:8,2
DA:10,4
DA:11,4
DA:12,2
DA:17,2
DA:18,2
DA:26,3
DA:27,3
DA:28,2
DA:33,1
DA:34,1
DA:42,7
DA:43,7
DA:44,6
DA:45,6
DA:47,5
DA:48,5
DA:50,5
DA:52,5
DA:60,2
DA:61,2
DA:66,7
DA:67,7
DA:68,7
DA:69,1
DA:72,6
DA:74,4
DA:75,2
DA:78,2
DA:83,2
DA:90,2
DA:91,2
DA:96,3
DA:97,3
DA:101,1
DA:102,1
DA:108,1
DA:113,1
LF:41
LH:41
BRDA:4,0,0,5
BRDA:4,1,0,10
BRDA:43,2,0,4
BRDA:43,2,1,2
BRDA:43,3,0,2
BRDA:43,3,1,0
BRDA:45,4,0,0
BRDA:45,5,0,0
BRDA:47,6,0,3
BRDA:47,6,1,2
BRDA:48,7,0,3
BRDA:48,7,1,2
BRDA:68,8,0,1
BRDA:68,8,1,6
BRDA:74,9,0,2
BRDA:74,9,1,2
BRF:16
BRH:13
end_of_record
TN:
SF:src\queries\projectImages.query.ts
FN:12,findImagesByProject
FN:23,insertImage
FN:32,deleteImage
FNF:3
FNH:0
FNDA:0,findImagesByProject
FNDA:0,insertImage
FNDA:0,deleteImage
DA:1,0
DA:12,0
DA:13,0
DA:23,0
DA:24,0
DA:32,0
DA:33,0
LF:7
LH:0
BRDA:27,0,0,0
BRDA:27,0,1,0
BRF:2
BRH:0
end_of_record
TN:
SF:src\queries\projectTechnologies.query.ts
FN:9,findAllTechnologies
FN:14,addTechnologyToProject
FN:23,removeTechnologyFromProject
FN:31,findTechnologiesByProject
FNF:4
FNH:0
FNDA:0,findAllTechnologies
FNDA:0,addTechnologyToProject
FNDA:0,removeTechnologyFromProject
FNDA:0,findTechnologiesByProject
DA:1,0
DA:9,0
DA:10,0
DA:14,0
DA:15,0
DA:23,0
DA:24,0
DA:31,0
DA:32,0
LF:9
LH:0
BRF:0
BRH:0
end_of_record
TN:
SF:src\queries\projects.query.ts
FN:19,findAllProjects
FN:30,findProjectById
FN:42,insertProject
FN:70,updateProject
FN:103,deleteProject
FN:110,insertProjectTechnologies
FN:116,(anonymous_7)
FN:123,findAllTechnologies
FN:130,findLatestProjects
FN:143,findProjectsPaginated
FN:162,findProjectBySlug
FN:172,findProjectTechnologies
FN:183,findProjectImages
FNF:13
FNH:0
FNDA:0,findAllProjects
FNDA:0,findProjectById
FNDA:0,insertProject
FNDA:0,updateProject
FNDA:0,deleteProject
FNDA:0,insertProjectTechnologies
FNDA:0,(anonymous_7)
FNDA:0,findAllTechnologies
FNDA:0,findLatestProjects
FNDA:0,findProjectsPaginated
FNDA:0,findProjectBySlug
FNDA:0,findProjectTechnologies
FNDA:0,findProjectImages
DA:1,1
DA:2,1
DA:19,1
DA:20,0
DA:30,1
DA:31,0
DA:36,0
DA:42,1
DA:50,0
DA:52,0
DA:70,1
DA:81,0
DA:83,0
DA:103,1
DA:104,0
DA:110,1
DA:114,0
DA:116,0
DA:117,0
DA:123,1
DA:124,0
DA:130,1
DA:131,0
DA:143,1
DA:144,0
DA:146,0
DA:154,0
DA:158,0
DA:162,1
DA:163,0
DA:168,0
DA:172,1
DA:173,0
DA:183,1
DA:184,0
LF:35
LH:14
BRDA:36,0,0,0
BRDA:36,0,1,0
BRDA:59,1,0,0
BRDA:59,1,1,0
BRDA:60,2,0,0
BRDA:60,2,1,0
BRDA:61,3,0,0
BRDA:61,3,1,0
BRDA:62,4,0,0
BRDA:62,4,1,0
BRDA:91,5,0,0
BRDA:91,5,1,0
BRDA:92,6,0,0
BRDA:92,6,1,0
BRDA:93,7,0,0
BRDA:93,7,1,0
BRDA:94,8,0,0
BRDA:94,8,1,0
BRDA:114,9,0,0
BRDA:114,9,1,0
BRDA:130,10,0,0
BRDA:168,11,0,0
BRDA:168,11,1,0
BRF:23
BRH:0
end_of_record
TN:
SF:src\queries\users.query.ts
FN:16,findAllUsers
FN:27,findUserById
FN:40,findUserByEmail
FN:54,insertUser
FN:70,updateUser
FN:87,updateUserPassword
FN:99,deleteUser
FNF:7
FNH:0
FNDA:0,findAllUsers
FNDA:0,findUserById
FNDA:0,findUserByEmail
FNDA:0,insertUser
FNDA:0,updateUser
FNDA:0,updateUserPassword
FNDA:0,deleteUser
DA:1,0
DA:16,0
DA:17,0
DA:27,0
DA:28,0
DA:34,0
DA:40,0
DA:41,0
DA:47,0
DA:54,0
DA:60,0
DA:70,0
DA:76,0
DA:87,0
DA:88,0
DA:99,0
DA:100,0
LF:17
LH:0
BRDA:34,0,0,0
BRDA:34,0,1,0
BRDA:47,1,0,0
BRDA:47,1,1,0
BRDA:58,2,0,0
BRF:5
BRH:0
end_of_record
TN:
SF:src\routes\admin\adminProjects.route.ts
FNF:0
FNH:0
DA:1,0
DA:2,0
DA:3,0
DA:5,0
DA:6,0
DA:9,0
DA:12,0
DA:15,0
DA:25,0
DA:28,0
DA:38,0
DA:40,0
LF:12
LH:0
BRF:0
BRH:0
end_of_record
TN:
SF:src\routes\admin\auth.routes.ts
FNF:0
FNH:0
DA:1,0
DA:2,0
DA:10,0
DA:13,0
DA:14,0
DA:17,0
DA:18,0
DA:21,0
DA:23,0
LF:9
LH:0
BRF:0
BRH:0
end_of_record
TN:
SF:src\routes\portal\portal.router.ts
FNF:0
FNH:0
DA:1,1
DA:2,1
DA:3,1
DA:5,1
DA:6,1
DA:7,1
DA:8,1
DA:9,1
DA:10,1
LF:9
LH:9
BRF:0
BRH:0
end_of_record
